2020-12-14-03:03:25:------ Creando Imagen desde .vdi------
Image Status: "new"
2020-12-14-03:03:25:----- Imagen aun no disponible, esperando estado available ------
Image Status: "new"
2020-12-14-03:03:31:----- Imagen aun no disponible, esperando estado available ------
Image Status: "new"
2020-12-14-03:03:36:----- Imagen aun no disponible, esperando estado available ------
Image Status: "new"
2020-12-14-03:03:41:----- Imagen aun no disponible, esperando estado available ------
Image Status: "new"
2020-12-14-03:03:46:----- Imagen aun no disponible, esperando estado available ------
Image Status: "new"
2020-12-14-03:03:51:----- Imagen aun no disponible, esperando estado available ------
Image Status: "new"
2020-12-14-03:03:57:----- Imagen aun no disponible, esperando estado available ------
Image Status: "new"
2020-12-14-03:04:02:----- Imagen aun no disponible, esperando estado available ------
Image Status: "new"
2020-12-14-03:04:08:----- Imagen aun no disponible, esperando estado available ------
Image Status: "new"
2020-12-14-03:04:13:----- Imagen aun no disponible, esperando estado available ------
Image Status: "new"
2020-12-14-03:04:18:----- Imagen aun no disponible, esperando estado available ------
Image Status: "new"
2020-12-14-03:04:23:----- Imagen aun no disponible, esperando estado available ------
Image Status: "new"
2020-12-14-03:04:28:----- Imagen aun no disponible, esperando estado available ------
Image Status: "new"
2020-12-14-03:04:34:----- Imagen aun no disponible, esperando estado available ------
Image Status: "pending"
2020-12-14-03:04:39:----- Imagen aun no disponible, esperando estado available ------
Image Status: "pending"
2020-12-14-03:04:44:----- Imagen aun no disponible, esperando estado available ------
Image Status: "pending"
2020-12-14-03:04:49:----- Imagen aun no disponible, esperando estado available ------
Image Status: "pending"
2020-12-14-03:04:54:----- Imagen aun no disponible, esperando estado available ------
Image Status: "pending"
2020-12-14-03:05:00:----- Imagen aun no disponible, esperando estado available ------
Image Status: "pending"
2020-12-14-03:05:05:----- Imagen aun no disponible, esperando estado available ------
Image Status: "pending"
2020-12-14-03:05:10:----- Imagen aun no disponible, esperando estado available ------
Image Status: "pending"
2020-12-14-03:05:15:----- Imagen aun no disponible, esperando estado available ------
Image Status: "pending"
2020-12-14-03:05:20:----- Imagen aun no disponible, esperando estado available ------
Image Status: "pending"
2020-12-14-03:05:25:----- Imagen aun no disponible, esperando estado available ------
Image Status: "pending"
2020-12-14-03:05:31:----- Imagen aun no disponible, esperando estado available ------
Image Status: "pending"
2020-12-14-03:05:36:----- Imagen aun no disponible, esperando estado available ------
Image Status: "pending"
2020-12-14-03:05:41:----- Imagen aun no disponible, esperando estado available ------
Image Status: "pending"
2020-12-14-03:05:46:----- Imagen aun no disponible, esperando estado available ------
Image Status: "pending"
2020-12-14-03:05:51:----- Imagen aun no disponible, esperando estado available ------
Image Status: "pending"
2020-12-14-03:05:56:----- Imagen aun no disponible, esperando estado available ------
Image Status: "pending"
2020-12-14-03:06:02:----- Imagen aun no disponible, esperando estado available ------
Image Status: "pending"
2020-12-14-03:06:07:----- Imagen aun no disponible, esperando estado available ------
Image Status: "pending"
2020-12-14-03:06:12:----- Imagen aun no disponible, esperando estado available ------
Image Status: "pending"
2020-12-14-03:06:17:----- Imagen aun no disponible, esperando estado available ------
Image Status: "pending"
2020-12-14-03:06:22:----- Imagen aun no disponible, esperando estado available ------
Image Status: "pending"
2020-12-14-03:06:27:----- Imagen aun no disponible, esperando estado available ------
Image Status: "pending"
2020-12-14-03:06:33:----- Imagen aun no disponible, esperando estado available ------
Image Status: "pending"
2020-12-14-03:06:38:----- Imagen aun no disponible, esperando estado available ------
Image Status: "pending"
2020-12-14-03:06:43:----- Imagen aun no disponible, esperando estado available ------
Image Status: "pending"
2020-12-14-03:06:48:----- Imagen aun no disponible, esperando estado available ------
Image Status: "pending"
2020-12-14-03:06:53:----- Imagen aun no disponible, esperando estado available ------
Image Status: "pending"
2020-12-14-03:06:59:----- Imagen aun no disponible, esperando estado available ------
Image Status: "pending"
2020-12-14-03:07:04:----- Imagen aun no disponible, esperando estado available ------
Image Status: "pending"
2020-12-14-03:07:09:----- Imagen aun no disponible, esperando estado available ------
Image Status: "pending"
2020-12-14-03:07:14:----- Imagen aun no disponible, esperando estado available ------
Image Status: "pending"
2020-12-14-03:07:19:----- Imagen aun no disponible, esperando estado available ------
Image Status: "pending"
2020-12-14-03:07:24:----- Imagen aun no disponible, esperando estado available ------
Image Status: "pending"
2020-12-14-03:07:30:----- Imagen aun no disponible, esperando estado available ------
Image Status: "pending"
2020-12-14-03:07:35:----- Imagen aun no disponible, esperando estado available ------
Image Status: "pending"
2020-12-14-03:07:40:----- Imagen aun no disponible, esperando estado available ------
Image Status: "pending"
2020-12-14-03:07:45:----- Imagen aun no disponible, esperando estado available ------
Image Status: "pending"
2020-12-14-03:07:50:----- Imagen aun no disponible, esperando estado available ------
Image Status: "pending"
2020-12-14-03:07:56:----- Imagen aun no disponible, esperando estado available ------
Image Status: "pending"
2020-12-14-03:08:01:----- Imagen aun no disponible, esperando estado available ------
Image Status: "pending"
2020-12-14-03:08:06:----- Imagen aun no disponible, esperando estado available ------
Image Status: "pending"
2020-12-14-03:08:11:----- Imagen aun no disponible, esperando estado available ------
Image Status: "pending"
2020-12-14-03:08:16:----- Imagen aun no disponible, esperando estado available ------
Image Status: "pending"
2020-12-14-03:08:21:----- Imagen aun no disponible, esperando estado available ------
Image Status: "pending"
2020-12-14-03:08:27:----- Imagen aun no disponible, esperando estado available ------
Image Status: "pending"
2020-12-14-03:08:32:----- Imagen aun no disponible, esperando estado available ------
Image Status: "pending"
2020-12-14-03:08:37:----- Imagen aun no disponible, esperando estado available ------
Image Status: "pending"
2020-12-14-03:08:42:----- Imagen aun no disponible, esperando estado available ------
Image Status: "pending"
2020-12-14-03:08:47:----- Imagen aun no disponible, esperando estado available ------
Image Status: "pending"
2020-12-14-03:08:53:----- Imagen aun no disponible, esperando estado available ------
Image Status: "pending"
2020-12-14-03:08:58:----- Imagen aun no disponible, esperando estado available ------
Image Status: "pending"
2020-12-14-03:09:03:----- Imagen aun no disponible, esperando estado available ------
Image Status: "pending"
2020-12-14-03:09:08:----- Imagen aun no disponible, esperando estado available ------
Image Status: "pending"
2020-12-14-03:09:13:----- Imagen aun no disponible, esperando estado available ------
Image Status: "pending"
2020-12-14-03:09:18:----- Imagen aun no disponible, esperando estado available ------
Image Status: "pending"
2020-12-14-03:09:24:----- Imagen aun no disponible, esperando estado available ------
Image Status: "pending"
2020-12-14-03:09:29:----- Imagen aun no disponible, esperando estado available ------
Image Status: "pending"
2020-12-14-03:09:34:----- Imagen aun no disponible, esperando estado available ------
Image Status: "pending"
2020-12-14-03:09:39:----- Imagen aun no disponible, esperando estado available ------
Image Status: "pending"
2020-12-14-03:09:44:----- Imagen aun no disponible, esperando estado available ------
Image Status: "pending"
2020-12-14-03:09:50:----- Imagen aun no disponible, esperando estado available ------
Image Status: "pending"
2020-12-14-03:09:55:----- Imagen aun no disponible, esperando estado available ------
Image Status: "pending"
2020-12-14-03:10:00:----- Imagen aun no disponible, esperando estado available ------
Image Status: "pending"
2020-12-14-03:10:05:----- Imagen aun no disponible, esperando estado available ------
Image Status: "pending"
2020-12-14-03:10:10:----- Imagen aun no disponible, esperando estado available ------
Image Status: "pending"
2020-12-14-03:10:16:----- Imagen aun no disponible, esperando estado available ------
Image Status: "pending"
2020-12-14-03:10:21:----- Imagen aun no disponible, esperando estado available ------
Image Status: "pending"
2020-12-14-03:10:26:----- Imagen aun no disponible, esperando estado available ------
Image Status: "pending"
2020-12-14-03:10:31:----- Imagen aun no disponible, esperando estado available ------
Image Status: "pending"
2020-12-14-03:10:36:----- Imagen aun no disponible, esperando estado available ------
Image Status: "pending"
2020-12-14-03:10:41:----- Imagen aun no disponible, esperando estado available ------
Image Status: "pending"
2020-12-14-03:10:47:----- Imagen aun no disponible, esperando estado available ------
Image Status: "pending"
2020-12-14-03:10:52:----- Imagen aun no disponible, esperando estado available ------
Image Status: "pending"
2020-12-14-03:10:57:----- Imagen aun no disponible, esperando estado available ------
Image Status: "pending"
2020-12-14-03:11:02:----- Imagen aun no disponible, esperando estado available ------
Image Status: "pending"
2020-12-14-03:11:07:----- Imagen aun no disponible, esperando estado available ------
Image Status: "pending"
2020-12-14-03:11:13:----- Imagen aun no disponible, esperando estado available ------
Image Status: "pending"
2020-12-14-03:11:18:----- Imagen aun no disponible, esperando estado available ------
Image Status: "pending"
2020-12-14-03:11:23:----- Imagen aun no disponible, esperando estado available ------
Image Status: "pending"
2020-12-14-03:11:28:----- Imagen aun no disponible, esperando estado available ------
Image Status: "pending"
2020-12-14-03:11:33:----- Imagen aun no disponible, esperando estado available ------
Image Status: "pending"
2020-12-14-03:11:39:----- Imagen aun no disponible, esperando estado available ------
Image Status: "pending"
2020-12-14-03:11:44:----- Imagen aun no disponible, esperando estado available ------
Image Status: "pending"
2020-12-14-03:11:49:----- Imagen aun no disponible, esperando estado available ------
Image Status: "pending"
2020-12-14-03:11:54:----- Imagen aun no disponible, esperando estado available ------
Image Status: "pending"
2020-12-14-03:11:59:----- Imagen aun no disponible, esperando estado available ------
Image Status: "pending"
2020-12-14-03:12:05:----- Imagen aun no disponible, esperando estado available ------
Image Status: "pending"
2020-12-14-03:12:10:----- Imagen aun no disponible, esperando estado available ------
Image Status: "pending"
2020-12-14-03:12:15:----- Imagen aun no disponible, esperando estado available ------
Image Status: "pending"
2020-12-14-03:12:20:----- Imagen aun no disponible, esperando estado available ------
Image Status: "pending"
2020-12-14-03:12:25:----- Imagen aun no disponible, esperando estado available ------
Image Status: "pending"
2020-12-14-03:12:31:----- Imagen aun no disponible, esperando estado available ------
Image Status: "pending"
2020-12-14-03:12:36:----- Imagen aun no disponible, esperando estado available ------
Image Status: "pending"
2020-12-14-03:12:41:----- Imagen aun no disponible, esperando estado available ------
Image Status: "pending"
2020-12-14-03:12:46:----- Imagen aun no disponible, esperando estado available ------
Image Status: "pending"
2020-12-14-03:12:51:----- Imagen aun no disponible, esperando estado available ------
Image Status: "pending"
2020-12-14-03:12:56:----- Imagen aun no disponible, esperando estado available ------
Image Status: "pending"
2020-12-14-03:13:02:----- Imagen aun no disponible, esperando estado available ------
Image Status: "pending"
2020-12-14-03:13:07:----- Imagen aun no disponible, esperando estado available ------
Image Status: "pending"
2020-12-14-03:13:12:----- Imagen aun no disponible, esperando estado available ------
Image Status: "pending"
2020-12-14-03:13:17:----- Imagen aun no disponible, esperando estado available ------
Image Status: "pending"
2020-12-14-03:13:22:----- Imagen aun no disponible, esperando estado available ------
Image Status: "pending"
2020-12-14-03:13:28:----- Imagen aun no disponible, esperando estado available ------
Image Status: "pending"
2020-12-14-03:13:33:----- Imagen aun no disponible, esperando estado available ------
Image Status: "pending"
2020-12-14-03:13:38:----- Imagen aun no disponible, esperando estado available ------
Image Status: "pending"
2020-12-14-03:13:43:----- Imagen aun no disponible, esperando estado available ------
Image Status: "pending"
2020-12-14-03:13:48:----- Imagen aun no disponible, esperando estado available ------
Image Status: "pending"
2020-12-14-03:13:54:----- Imagen aun no disponible, esperando estado available ------
Image Status: "pending"
2020-12-14-03:13:59:----- Imagen aun no disponible, esperando estado available ------
Image Status: "pending"
2020-12-14-03:14:04:----- Imagen aun no disponible, esperando estado available ------
Image Status: "pending"
2020-12-14-03:14:09:----- Imagen aun no disponible, esperando estado available ------
Image Status: "pending"
2020-12-14-03:14:14:----- Imagen aun no disponible, esperando estado available ------
Image Status: "pending"
2020-12-14-03:14:19:----- Imagen aun no disponible, esperando estado available ------
Image Status: "pending"
2020-12-14-03:14:25:----- Imagen aun no disponible, esperando estado available ------
Image Status: "pending"
2020-12-14-03:14:30:----- Imagen aun no disponible, esperando estado available ------
Image Status: "pending"
2020-12-14-03:14:35:----- Imagen aun no disponible, esperando estado available ------
Image Status: "pending"
2020-12-14-03:14:40:----- Imagen aun no disponible, esperando estado available ------
Image Status: "pending"
2020-12-14-03:14:45:----- Imagen aun no disponible, esperando estado available ------
Image Status: "pending"
2020-12-14-03:14:50:----- Imagen aun no disponible, esperando estado available ------
Image Status: "pending"
2020-12-14-03:14:56:----- Imagen aun no disponible, esperando estado available ------
Image Status: "pending"
2020-12-14-03:15:01:----- Imagen aun no disponible, esperando estado available ------
Image Status: "pending"
2020-12-14-03:15:06:----- Imagen aun no disponible, esperando estado available ------
Image Status: "pending"
2020-12-14-03:15:11:----- Imagen aun no disponible, esperando estado available ------
Image Status: "pending"
2020-12-14-03:15:16:----- Imagen aun no disponible, esperando estado available ------
Image Status: "pending"
2020-12-14-03:15:21:----- Imagen aun no disponible, esperando estado available ------
Image Status: "pending"
2020-12-14-03:15:27:----- Imagen aun no disponible, esperando estado available ------
Image Status: "pending"
2020-12-14-03:15:32:----- Imagen aun no disponible, esperando estado available ------
Image Status: "pending"
2020-12-14-03:15:37:----- Imagen aun no disponible, esperando estado available ------
Image Status: "pending"
2020-12-14-03:15:42:----- Imagen aun no disponible, esperando estado available ------
Image Status: "pending"
2020-12-14-03:15:47:----- Imagen aun no disponible, esperando estado available ------
Image Status: "pending"
2020-12-14-03:15:52:----- Imagen aun no disponible, esperando estado available ------
Image Status: "pending"
2020-12-14-03:15:58:----- Imagen aun no disponible, esperando estado available ------
Image Status: "pending"
2020-12-14-03:16:03:----- Imagen aun no disponible, esperando estado available ------
Image Status: "pending"
2020-12-14-03:16:08:----- Imagen aun no disponible, esperando estado available ------
Image Status: "pending"
2020-12-14-03:16:13:----- Imagen aun no disponible, esperando estado available ------
Image Status: "pending"
2020-12-14-03:16:18:----- Imagen aun no disponible, esperando estado available ------
Image Status: "available"
2020-12-14-03:16:24:------ Imagen Creada --->Creando Droplet------>:Demo-04
2020-12-14-03:18:20:------ Droplet booteo OK------
2020-12-14-03:18:20:------Asignando el Droplet al Firewall----:22166f64-996d-4011-8e78-8e2a0d664891
2020-12-14-03:18:20:------Salida de Asignacion al Firewall----:
2020-12-14-03:18:20:----- Droplet Up & Running! ------
el nuevo IP_ADDRESS de v4[1] es : 104.131.181.230
el nuevo NETMASK de v4[1] es : 255.255.240.0
el nuevo GATEWAY de v4[1] es : 104.131.176.1
2020-12-14-03:18:21:----- RECORD A for the subdomain created succesfully! ------
2020-12-14-03:18:22:----- RECORD A for the www.subdomain created succesfully! ------
2020-12-14-03:18:22:----- RECORD MX for the subdomain created succesfully! ------
2020-12-14-03:18:22:----- RECORD A in CloudFlare for the subdomain created succesfully!
2020-12-14-03:18:22:----- RECORD A in CloudFlare for the www.subdomain created succesfully!
/usr/bin/ssh-copy-id: INFO: Source of key(s) to be installed: "/home/taskcontrol/.ssh/id_rsa.pub"
Permission denied, please try again.
Permission denied, please try again.
Permission denied, please try again.
Permission denied, please try again.
Permission denied, please try again.
Permission denied, please try again.
Permission denied, please try again.
Permission denied, please try again.
Permission denied, please try again.
Permission denied, please try again.
Permission denied, please try again.
Permission denied, please try again.
Permission denied, please try again.
Permission denied, please try again.
Permission denied, please try again.
2020-12-14-03:18:54:----- Droplet listo para su uso: 104.131.181.230
Permission denied, please try again.
Permission denied, please try again.
Permission denied, please try again.
Permission denied, please try again.
Permission denied, please try again.
2020-12-14-03:18:54:------Codigo de eliminado de Imagen----:
