2020-11-21-21:00:00:------ Eliminando Droplet...------> Demo22 
2020-11-21-21:00:07:----- Droplet Eliminado: Demo22 
2020-11-21-21:33:01:------ Eliminando Droplet...------> Demo22 
2020-11-21-21:33:11:----- Droplet Eliminado: Demo22 
2020-11-21-22:37:59:------ Eliminando Droplet...------> Demo11 
2020-11-21-22:38:10:----- Droplet Eliminado: Demo11 
2020-11-21-23:16:20:------ Eliminando Droplet...------> Demo11 
2020-11-21-23:16:26:----- Droplet Eliminado: Demo11 
2020-11-21-23:45:45:------ Eliminando Droplet...------> Demo11 
2020-11-21-23:45:52:----- Droplet Eliminado: Demo11 
2020-11-22-11:25:51:------ Eliminando Droplet...------> Demo22 
2020-11-22-11:26:00:----- Droplet Eliminado: Demo22 
2020-11-22-15:13:34:------ Eliminando Droplet...------> Demo22 
2020-11-22-15:13:44:----- Droplet Eliminado: Demo22 
2020-11-23-08:20:13:------ Eliminando Droplet...------> Demo22 
2020-11-23-08:20:23:----- Droplet Eliminado: Demo22 
2020-11-23-08:39:39:------ Eliminando Droplet...------> Demo22 
2020-11-23-08:39:47:------ No se pudo eliminar el Droplet(doctl): Demo22 Chequear!!
2020-11-23-08:44:23:------ Eliminando Droplet...------> Demo11 
2020-11-23-08:44:32:----- Droplet Eliminado: Demo11 
2020-11-23-09:09:34:------ Eliminando Droplet...------> Demo11 
2020-11-23-09:09:44:----- Droplet Eliminado: Demo11 
2020-11-23-09:45:24:------ Eliminando Droplet...------> Demo22 
2020-11-23-09:45:33:----- Droplet Eliminado: Demo22 
2020-11-23-10:15:00:------ Eliminando Droplet...------> Demo222 
2020-11-23-10:15:07:----- Droplet Eliminado: Demo222 
2020-11-23-11:04:31:------ Eliminando Droplet...------> Demo111 
2020-11-23-11:04:42:----- Droplet Eliminado: Demo111 
2020-11-24-15:14:54:------ Eliminando Droplet...------> Demo222 
2020-11-24-15:15:03:----- Droplet Eliminado: Demo222 
2020-11-24-20:59:05:------ Eliminando Droplet...------> Demo111 
2020-11-24-20:59:11:----- Droplet Eliminado: Demo111 
2020-11-24-21:54:19:------ Eliminando Droplet...------> Demo111 
2020-11-24-21:54:24:----- Droplet Eliminado: Demo111 
2020-11-25-03:09:27:------ Eliminando Droplet...------> Demo111 
2020-11-25-03:11:27:------ No se pudo eliminar el Droplet(doctl): Demo111 Chequear!!
2020-11-25-03:11:50:------ Eliminando Droplet...------> Demo111 
2020-11-25-03:11:55:----- Droplet Eliminado: Demo111 
2020-11-25-03:38:34:------ Eliminando Droplet...------> Demo222 
2020-11-25-03:38:38:----- Droplet Eliminado: Demo222 
2020-11-25-04:06:56:------ Eliminando Droplet...------> Demo222 
2020-11-25-04:07:04:------ No se pudo eliminar el Droplet(doctl): Demo222 Chequear!!
2020-11-25-04:07:56:------ Eliminando Droplet...------> Demo111 
2020-11-25-04:08:05:----- Droplet Eliminado: Demo111 
2020-11-25-10:55:57:------ Eliminando Droplet...------> Demo222 
2020-11-25-10:56:06:----- Droplet Eliminado: Demo222 
2020-11-25-11:51:04:------ Eliminando Droplet...------> Demo222 
2020-11-25-11:51:09:----- Droplet Eliminado: Demo222 
2020-11-25-12:07:58:------ Eliminando Droplet...------> Demo222 
2020-11-25-12:08:03:----- Droplet Eliminado: Demo222 
2020-11-25-12:30:26:------ Eliminando Droplet...------> Demo222 
2020-11-25-12:30:30:----- Droplet Eliminado: Demo222 
2020-11-25-13:15:36:------ Eliminando Droplet...------> Demo222 
2020-11-25-13:15:45:----- Droplet Eliminado: Demo222 
2020-11-25-14:30:24:------ Eliminando Droplet...------> Demo222 
2020-11-25-14:30:33:----- Droplet Eliminado: Demo222 
2020-11-25-15:17:24:------ Eliminando Droplet...------> Demo222 
2020-11-25-15:17:29:----- Droplet Eliminado: Demo222 
2020-11-25-17:25:39:------ Eliminando Droplet...------> Demo-04 
2020-11-25-17:25:48:----- Droplet Eliminado: Demo-04 
2020-11-25-17:48:22:------ Eliminando Droplet...------> Demo-03 
2020-11-25-17:48:30:----- Droplet Eliminado: Demo-03 
2020-11-26-13:28:46:------ Eliminando Droplet...------> Demo-04 
2020-11-26-13:28:56:----- Droplet Eliminado: Demo-04 
2020-11-28-10:58:40:------ Eliminando Droplet...------> Demo-04 
2020-11-28-10:58:45:----- Droplet Eliminado: Demo-04 
2020-11-28-10:58:52:------ Eliminando Droplet...------> Demo-03 
2020-11-28-10:58:56:----- Droplet Eliminado: Demo-03 
2020-12-03-23:11:24:------ Eliminando Droplet...------> mailchat 
2020-12-03-23:11:33:----- Droplet Eliminado: mailchat 
2020-12-04-13:47:42:------ Eliminando Droplet...------> mailchat 
2020-12-04-13:47:49:----- Droplet Eliminado: mailchat 
2020-12-04-18:00:13:------ Eliminando Droplet...------> mailchat 
2020-12-04-18:00:17:----- Droplet Eliminado: mailchat 
2020-12-04-23:06:25:------ Eliminando Droplet...------> mailchat 
2020-12-04-23:06:32:----- Droplet Eliminado: mailchat 
2020-12-07-13:11:25:------ Eliminando Droplet...------> Demo4 
2020-12-07-13:11:36:------ No se pudo eliminar el Droplet(doctl): Demo4 Chequear!!
2020-12-07-13:12:14:------ Eliminando Droplet...------> Demo4 
2020-12-07-13:12:24:----- Droplet Eliminado: Demo4 
2020-12-07-14:01:50:------ Eliminando Droplet...------> Demo-03 
2020-12-07-14:01:56:----- Droplet Eliminado: Demo-03 
2020-12-07-23:56:03:------ Eliminando Droplet...------> Demo-03 
2020-12-07-23:56:07:----- Droplet Eliminado: Demo-03 
2020-12-08-18:12:07:------ Eliminando Droplet...------> Demo-04 
2020-12-08-18:12:11:----- Droplet Eliminado: Demo-04 
2020-12-09-16:35:40:------ Eliminando Droplet...------> Demo-04 
2020-12-09-16:35:49:----- Droplet Eliminado: Demo-04 
2020-12-09-18:06:19:------ Eliminando Droplet...------> Demo-03 
2020-12-09-18:06:28:----- Droplet Eliminado: Demo-03 
2020-12-09-18:50:25:------ Eliminando Droplet...------> Demo-04 
2020-12-09-18:50:29:----- Droplet Eliminado: Demo-04 
2020-12-10-09:06:10:------ Eliminando Droplet...------> Demo-03 
2020-12-10-09:06:19:----- Droplet Eliminado: Demo-03 
2020-12-10-14:34:59:------ Eliminando Droplet...------> Demo-04 
2020-12-10-14:35:08:----- Droplet Eliminado: Demo-04 
2020-12-11-00:57:04:------ Eliminando Droplet...------> Demo-04 
2020-12-11-00:57:13:----- Droplet Eliminado: Demo-04 
2020-12-11-15:47:10:------ Eliminando Droplet...------> Demo-03 
2020-12-11-15:47:15:----- Droplet Eliminado: Demo-03 
2020-12-11-20:56:28:------ Eliminando Droplet...------> Demo-04 
2020-12-11-20:56:36:----- Droplet Eliminado: Demo-04 
2020-12-11-22:55:15:------ Eliminando Droplet...------> Demo-03 
2020-12-11-22:55:18:----- Droplet Eliminado: Demo-03 
2020-12-12-01:58:45:------ Eliminando Droplet...------> Demo-03 
2020-12-12-01:58:50:----- Droplet Eliminado: Demo-03 
2020-12-12-02:22:00:------ Eliminando Droplet...------> demo-04 
2020-12-12-02:22:08:------ No se pudo eliminar el Droplet(doctl): demo-04 Chequear!!
2020-12-12-16:49:06:------ Eliminando Droplet...------> Demo-03 
2020-12-12-16:49:11:----- Droplet Eliminado: Demo-03 
2020-12-12-16:49:19:------ Eliminando Droplet...------> Demo-04 
2020-12-12-16:49:22:----- Droplet Eliminado: Demo-04 
2020-12-12-19:17:16:------ Eliminando Droplet...------> Demo-03 
2020-12-12-19:17:21:----- Droplet Eliminado: Demo-03 
2020-12-12-22:23:04:------ Eliminando Droplet...------> Demo-04 
2020-12-12-22:23:08:----- Droplet Eliminado: Demo-04 
2020-12-13-14:08:37:------ Eliminando Droplet...------> Demo-03 
2020-12-13-14:08:45:----- Droplet Eliminado: Demo-03 
2020-12-13-14:30:17:------ Eliminando Droplet...------> Demo-03 
2020-12-13-14:30:26:----- Droplet Eliminado: Demo-03 
2020-12-13-15:03:02:------ Eliminando Droplet...------> Demo-04 
2020-12-13-15:03:11:----- Droplet Eliminado: Demo-04 
2020-12-14-03:01:31:------ Eliminando Droplet...------> Demo-03 
2020-12-14-03:01:34:------ No se pudo eliminar el Droplet(doctl): Demo-03 Chequear!!
2020-12-14-03:21:02:------ Eliminando Droplet...------> Demo-04 
2020-12-14-03:21:05:----- Droplet Eliminado: Demo-04 
