2020-11-26-11:30:57:-----Comenzamos el ciclo de recorrida de droplets existentes...
2020-11-26-11:30:57:-----Creamos el txt con los droplets activos...
2020-11-26-11:30:57:-----Comenzando Customer Hot Backup Droplet-----:Demo-04
2020-11-26-11:30:57:--ERROR: No hay datos en el .sql - Chequear Hot Backup del Droplet :Demo-04
Backup Finished: Total of Customer Droplets Backuped OK---: 0
Backup Finished: Total of Customer Droplets With Backup Errors---: 1
Backup Finished: Total of Customer Droplets---: 0
2020-11-26-11:34:05:-----Comenzamos el ciclo de recorrida de droplets existentes...
2020-11-26-11:34:05:-----Creamos el txt con los droplets activos...
2020-11-26-11:34:05:-----Comenzando Customer Hot Backup Droplet-----:Demo-04
2020-11-26-11:34:05:--ERROR: No hay datos en el .sql - Chequear Hot Backup del Droplet :Demo-04
Backup Finished: Total of Customer Droplets Backuped OK---: 0
Backup Finished: Total of Customer Droplets With Backup Errors---: 1
Backup Finished: Total of Customer Droplets---: 0
2020-11-26-11:37:05:-----Comenzamos el ciclo de recorrida de droplets existentes...
2020-11-26-11:37:05:-----Creamos el txt con los droplets activos...
2020-11-26-11:37:05:-----Comenzando Customer Hot Backup Droplet-----:Demo-04
2020-11-26-11:37:05:--ERROR: No hay datos en el .sql - Chequear Hot Backup del Droplet :Demo-04
Backup Finished: Total of Customer Droplets Backuped OK---: 0
Backup Finished: Total of Customer Droplets With Backup Errors---: 1
Backup Finished: Total of Customer Droplets---: 0
2020-11-26-11:39:20:-----Comenzamos el ciclo de recorrida de droplets existentes...
2020-11-26-11:39:20:-----Creamos el txt con los droplets activos...
2020-11-26-11:39:20:-----Comenzando Customer Hot Backup Droplet-----:Demo-04
2020-11-26-11:39:20:--ERROR: No hay datos en el .sql - Chequear Hot Backup del Droplet :Demo-04
Backup Finished: Total of Customer Droplets Backuped OK---: 0
Backup Finished: Total of Customer Droplets With Backup Errors---: 1
Backup Finished: Total of Customer Droplets---: 0
2020-11-26-11:41:04:-----Comenzamos el ciclo de recorrida de droplets existentes...
2020-11-26-11:41:04:-----Creamos el txt con los droplets activos...
2020-11-26-11:41:04:-----Comenzando Customer Hot Backup Droplet-----:Demo-04
2020-11-26-11:41:04:--ERROR: No hay datos en el .sql - Chequear Hot Backup del Droplet :Demo-04
Backup Finished: Total of Customer Droplets Backuped OK---: 0
Backup Finished: Total of Customer Droplets With Backup Errors---: 1
Backup Finished: Total of Customer Droplets---: 0
2020-11-26-11:48:50:-----Comenzamos el ciclo de recorrida de droplets existentes...
2020-11-26-11:48:50:-----Creamos el txt con los droplets activos...
2020-11-26-11:48:50:-----Comenzando Customer Hot Backup Droplet-----:Demo-04
2020-11-26-11:48:50:--ERROR: No hay datos en el .sql - Chequear Hot Backup del Droplet :Demo-04
Backup Finished: Total of Customer Droplets Backuped OK---: 0
Backup Finished: Total of Customer Droplets With Backup Errors---: 1
Backup Finished: Total of Customer Droplets---: 0
2020-11-26-11:57:06:-----Comenzamos el ciclo de recorrida de droplets existentes...
2020-11-26-11:57:06:-----Creamos el txt con los droplets activos...
2020-11-26-11:57:06:-----Comenzando Customer Hot Backup Droplet-----:Demo-04
2020-11-26-11:57:06:--ERROR: No hay datos en el .sql - Chequear Hot Backup del Droplet :Demo-04
Backup Finished: Total of Customer Droplets Backuped OK---: 0
Backup Finished: Total of Customer Droplets With Backup Errors---: 1
Backup Finished: Total of Customer Droplets---: 0
2020-11-26-12:00:55:-----Comenzamos el ciclo de recorrida de droplets existentes...
2020-11-26-12:00:55:-----Creamos el txt con los droplets activos...
2020-11-26-12:00:55:-----Comenzando Customer Hot Backup Droplet-----:Demo-04
2020-11-26-12:01:00:---Hot Backup de Droplet--:Demo-04--Finalizo OK 
Backup Finished: Total of Customer Droplets Backuped OK---: 0
Backup Finished: Total of Customer Droplets With Backup Errors---: 1
Backup Finished: Total of Customer Droplets---: 0
2020-11-26-12:07:08:-----Comenzamos el ciclo de recorrida de droplets existentes...
2020-11-26-12:07:08:-----Creamos el txt con los droplets activos...
2020-11-26-12:07:08:-----Comenzando Customer Hot Backup Droplet-----:Demo-04
2020-11-26-12:07:13:---Hot Backup de Droplet--:Demo-04--Finalizo OK 
Backup Finished: Total of Customer Droplets Backuped OK---: 0
Backup Finished: Total of Customer Droplets With Backup Errors---: 1
Backup Finished: Total of Customer Droplets---: 0
2020-11-26-12:12:12:-----Comenzamos el ciclo de recorrida de droplets existentes...
2020-11-26-12:12:12:-----Creamos el txt con los droplets activos...
2020-11-26-12:12:12:-----Comenzando Customer Hot Backup Droplet-----:Demo-04
2020-11-26-12:12:17:---Hot Backup de Droplet--:Demo-04--Finalizo OK 
Backup Finished: Total of Customer Droplets Backuped OK---: 0
Backup Finished: Total of Customer Droplets With Backup Errors---: 1
Backup Finished: Total of Customer Droplets---: 0
2020-11-26-12:16:37:-----Comenzamos el ciclo de recorrida de droplets existentes...
2020-11-26-12:16:37:-----Creamos el txt con los droplets activos...
2020-11-26-12:16:37:-----Comenzando Customer Hot Backup Droplet-----:Demo-04
2020-11-26-12:16:42:---Hot Backup de Droplet--:Demo-04--Finalizo OK 
Backup Finished: Total of Customer Droplets Backuped OK---: 0
Backup Finished: Total of Customer Droplets With Backup Errors---: 0
Backup Finished: Total of Customer Droplets---: 0
2020-11-26-15:16:53:-----Comenzamos el ciclo de recorrida de droplets existentes...
2020-11-26-15:16:53:-----Creamos el txt con los droplets activos...
2020-11-26-15:16:53:-----Comenzando Customer Hot Backup Droplet-----:Demo-04
2020-11-26-15:16:58:--ERROR: No hay datos en el .sql - Chequear Hot Backup del Droplet :Demo-04
Backup Finished: Total of Customer Droplets Backuped OK---: 0
Backup Finished: Total of Customer Droplets With Backup Errors---: 0
Backup Finished: Total of Customer Droplets---: 0
2020-11-26-15:18:21:-----Comenzamos el ciclo de recorrida de droplets existentes...
2020-11-26-15:18:21:-----Creamos el txt con los droplets activos...
2020-11-26-15:18:21:-----Comenzando Customer Hot Backup Droplet-----:Demo-04
2020-11-26-15:18:26:--ERROR: No hay datos en el .sql - Chequear Hot Backup del Droplet :Demo-04
Backup Finished: Total of Customer Droplets Backuped OK---: 0
Backup Finished: Total of Customer Droplets With Backup Errors---: 0
Backup Finished: Total of Customer Droplets---: 0
2020-11-26-15:19:22:-----Comenzamos el ciclo de recorrida de droplets existentes...
2020-11-26-15:19:22:-----Creamos el txt con los droplets activos...
2020-11-26-15:19:22:-----Comenzando Customer Hot Backup Droplet-----:Demo-04
2020-11-26-15:19:27:--ERROR: No hay datos en el .sql - Chequear Hot Backup del Droplet :Demo-04
Backup Finished: Total of Customer Droplets Backuped OK---: 0
Backup Finished: Total of Customer Droplets With Backup Errors---: 0
Backup Finished: Total of Customer Droplets---: 0
2020-11-26-15:22:46:-----Comenzamos el ciclo de recorrida de droplets existentes...
2020-11-26-15:22:46:-----Creamos el txt con los droplets activos...
2020-11-26-15:22:46:-----Comenzando Customer Hot Backup Droplet-----:Demo-04
2020-11-26-15:22:51:--ERROR: No hay datos en el .sql - Chequear Hot Backup del Droplet :Demo-04
Backup Finished: Total of Customer Droplets Backuped OK---: 0
Backup Finished: Total of Customer Droplets With Backup Errors---: 0
Backup Finished: Total of Customer Droplets---: 0
2020-11-26-15:24:50:-----Comenzamos el ciclo de recorrida de droplets existentes...
2020-11-26-15:24:50:-----Creamos el txt con los droplets activos...
2020-11-26-15:24:50:-----Comenzando Customer Hot Backup Droplet-----:Demo-04
2020-11-26-15:24:55:--ERROR: No hay datos en el .sql - Chequear Hot Backup del Droplet :Demo-04
Backup Finished: Total of Customer Droplets Backuped OK---: 0
Backup Finished: Total of Customer Droplets With Backup Errors---: 0
Backup Finished: Total of Customer Droplets---: 0
2020-11-26-15:25:16:-----Comenzamos el ciclo de recorrida de droplets existentes...
2020-11-26-15:25:16:-----Creamos el txt con los droplets activos...
2020-11-26-15:25:16:-----Comenzando Customer Hot Backup Droplet-----:Demo-04
2020-11-26-15:25:21:--ERROR: No hay datos en el .sql - Chequear Hot Backup del Droplet :Demo-04
Backup Finished: Total of Customer Droplets Backuped OK---: 0
Backup Finished: Total of Customer Droplets With Backup Errors---: 0
Backup Finished: Total of Customer Droplets---: 0
2020-11-26-15:32:19:-----Comenzamos el ciclo de recorrida de droplets existentes...
2020-11-26-15:32:19:-----Creamos el txt con los droplets activos...
2020-11-26-15:32:19:-----Comenzando Customer Hot Backup Droplet-----:Demo-04
2020-11-26-15:32:24:--ERROR: No hay datos en el .sql - Chequear Hot Backup del Droplet :Demo-04
Backup Finished: Total of Customer Droplets Backuped OK---: 0
Backup Finished: Total of Customer Droplets With Backup Errors---: 0
Backup Finished: Total of Customer Droplets---: 0
2020-11-26-15:43:52:-----Comenzamos el ciclo de recorrida de droplets existentes...
2020-11-26-15:43:52:-----Creamos el txt con los droplets activos...
2020-11-26-15:43:52:-----Comenzando Customer Hot Backup Droplet-----:Demo-04
2020-11-26-15:43:57:---Hot Backup de Droplet--:Demo-04--Finalizo OK 
Backup Finished: Total of Customer Droplets Backuped OK---: 0
Backup Finished: Total of Customer Droplets With Backup Errors---: 0
Backup Finished: Total of Customer Droplets---: 0
2020-11-26-15:48:00:-----Comenzamos el ciclo de recorrida de droplets existentes...
2020-11-26-15:48:00:-----Creamos el txt con los droplets activos...
2020-11-26-15:48:00:-----Comenzando Customer Hot Backup Droplet-----:Demo-04
2020-11-26-15:48:05:---Hot Backup de Droplet--:Demo-04--Finalizo OK 
Backup Finished: Total of Customer Droplets Backuped OK---: 0
Backup Finished: Total of Customer Droplets With Backup Errors---: 0
Backup Finished: Total of Customer Droplets---: 0
2020-11-26-15:49:59:-----Comenzamos el ciclo de recorrida de droplets existentes...
2020-11-26-15:49:59:-----Creamos el txt con los droplets activos...
2020-11-26-15:49:59:-----Comenzando Customer Hot Backup Droplet-----:Demo-04
2020-11-26-15:50:05:---Hot Backup de Droplet--:Demo-04--Finalizo OK 
Backup Finished: Total of Customer Droplets Backuped OK---: 0
Backup Finished: Total of Customer Droplets With Backup Errors---: 0
Backup Finished: Total of Customer Droplets---: 0
2020-11-26-21:13:01:-----Comenzamos el ciclo de recorrida de droplets existentes...
2020-11-26-21:13:01:-----Creamos el txt con los droplets activos...
2020-11-26-21:13:01:-----Comenzando Customer Hot Backup Droplet-----:Demo-03
2020-11-26-21:13:06:---Hot Backup de Droplet--:Demo-03--Finalizo OK 
Backup Finished: Total of Customer Droplets Backuped OK---: 0
Backup Finished: Total of Customer Droplets With Backup Errors---: 0
Backup Finished: Total of Customer Droplets---: 0
2020-11-26-21:18:49:-----Comenzamos el ciclo de recorrida de droplets existentes...
2020-11-26-21:18:49:-----Creamos el txt con los droplets activos...
2020-11-26-21:18:49:-----Comenzando Customer Hot Backup Droplet-----:Demo-03
2020-11-26-21:18:49:-----Comenzando Customer Hot Backup Droplet-----:Demo-04
Backup Finished: Total of Customer Droplets Backuped OK---: 0
Backup Finished: Total of Customer Droplets With Backup Errors---: 0
Backup Finished: Total of Customer Droplets---: 0
2020-11-26-21:45:52:-----Comenzamos el ciclo de recorrida de droplets existentes...
2020-11-26-21:45:52:-----Creamos el txt con los droplets activos...
2020-11-26-21:45:52:-----Comenzando Customer Hot Backup Droplet-----:Demo-03
2020-11-26-21:45:52:-----Comenzando Customer Hot Backup Droplet-----:Demo-04
Backup Finished: Total of Customer Droplets Backuped OK---: 0
Backup Finished: Total of Customer Droplets With Backup Errors---: 0
Backup Finished: Total of Customer Droplets---: 0
2020-11-27-01:00:01:-----Comenzamos el ciclo de recorrida de droplets existentes...
2020-11-27-01:00:01:-----Creamos el txt con los droplets activos...
2020-11-27-01:00:01:-----Comenzando Customer Hot Backup Droplet-----:Demo-03
2020-11-27-01:00:01:-----Comenzando Customer Hot Backup Droplet-----:Demo-04
Backup Finished: Total of Customer Droplets Backuped OK---: 0
Backup Finished: Total of Customer Droplets With Backup Errors---: 0
Backup Finished: Total of Customer Droplets---: 0
2020-11-27-11:03:03:-----Comenzamos el ciclo de recorrida de droplets existentes...
2020-11-27-11:03:03:-----Creamos el txt con los droplets activos...
2020-11-27-11:03:03:-----Comenzando Customer Hot Backup Droplet-----:Demo-03
2020-11-27-11:03:03:-----Comenzando Customer Hot Backup Droplet-----:Demo-04
Backup Finished: Total of Customer Droplets Backuped OK---: 0
Backup Finished: Total of Customer Droplets With Backup Errors---: 0
Backup Finished: Total of Customer Droplets---: 0
2020-11-28-01:00:01:-----Comenzamos el ciclo de recorrida de droplets existentes...
2020-11-28-01:00:01:-----Creamos el txt con los droplets activos...
2020-11-28-01:00:01:-----Comenzando Customer Hot Backup Droplet-----:Demo-03
2020-11-28-01:00:01:-----Comenzando Customer Hot Backup Droplet-----:Demo-04
Backup Finished: Total of Customer Droplets Backuped OK---: 0
Backup Finished: Total of Customer Droplets With Backup Errors---: 0
Backup Finished: Total of Customer Droplets---: 0
2020-11-29-01:00:01:-----Comenzamos el ciclo de recorrida de droplets existentes...
2020-11-29-01:00:01:-----Creamos el txt con los droplets activos...
Backup Finished: Total of Customer Droplets Backuped OK---: 0
Backup Finished: Total of Customer Droplets With Backup Errors---: 0
Backup Finished: Total of Customer Droplets---: 0
2020-11-30-01:00:01:-----Comenzamos el ciclo de recorrida de droplets existentes...
2020-11-30-01:00:01:-----Creamos el txt con los droplets activos...
Backup Finished: Total of Customer Droplets Backuped OK---: 0
Backup Finished: Total of Customer Droplets With Backup Errors---: 1
Backup Finished: Total of Customer Droplets---: 0
2020-12-01-01:00:01:-----Comenzamos el ciclo de recorrida de droplets existentes...
2020-12-01-01:00:01:-----Creamos el txt con los droplets activos...
Backup Finished: Total of Customer Droplets Backuped OK---: 0
Backup Finished: Total of Customer Droplets With Backup Errors---: 1
Backup Finished: Total of Customer Droplets---: 0
2020-12-02-01:00:01:-----Comenzamos el ciclo de recorrida de droplets existentes...
2020-12-02-01:00:01:-----Creamos el txt con los droplets activos...
Backup Finished: Total of Customer Droplets Backuped OK---: 0
Backup Finished: Total of Customer Droplets With Backup Errors---: 1
Backup Finished: Total of Customer Droplets---: 0
2020-12-03-01:00:01:-----Comenzamos el ciclo de recorrida de droplets existentes...
2020-12-03-01:00:01:-----Creamos el txt con los droplets activos...
Backup Finished: Total of Customer Droplets Backuped OK---: 0
Backup Finished: Total of Customer Droplets With Backup Errors---: 1
Backup Finished: Total of Customer Droplets---: 0
2020-12-04-01:00:01:-----Comenzamos el ciclo de recorrida de droplets existentes...
2020-12-04-01:00:01:-----Creamos el txt con los droplets activos...
Backup Finished: Total of Customer Droplets Backuped OK---: 0
Backup Finished: Total of Customer Droplets With Backup Errors---: 1
Backup Finished: Total of Customer Droplets---: 0
2020-12-05-01:00:01:-----Comenzamos el ciclo de recorrida de droplets existentes...
2020-12-05-01:00:01:-----Creamos el txt con los droplets activos...
Backup Finished: Total of Customer Droplets Backuped OK---: 0
Backup Finished: Total of Customer Droplets With Backup Errors---: 1
Backup Finished: Total of Customer Droplets---: 0
2020-12-06-01:00:01:-----Comenzamos el ciclo de recorrida de droplets existentes...
2020-12-06-01:00:01:-----Creamos el txt con los droplets activos...
Backup Finished: Total of Customer Droplets Backuped OK---: 0
Backup Finished: Total of Customer Droplets With Backup Errors---: 1
Backup Finished: Total of Customer Droplets---: 0
2020-12-07-01:00:01:-----Comenzamos el ciclo de recorrida de droplets existentes...
2020-12-07-01:00:01:-----Creamos el txt con los droplets activos...
Backup Finished: Total of Customer Droplets Backuped OK---: 0
Backup Finished: Total of Customer Droplets With Backup Errors---: 1
Backup Finished: Total of Customer Droplets---: 0
2020-12-08-01:00:01:-----Comenzamos el ciclo de recorrida de droplets existentes...
2020-12-08-01:00:01:-----Creamos el txt con los droplets activos...
Backup Finished: Total of Customer Droplets Backuped OK---: 0
Backup Finished: Total of Customer Droplets With Backup Errors---: 1
Backup Finished: Total of Customer Droplets---: 0
2020-12-09-01:00:01:-----Comenzamos el ciclo de recorrida de droplets existentes...
2020-12-09-01:00:01:-----Creamos el txt con los droplets activos...
Backup Finished: Total of Customer Droplets Backuped OK---: 0
Backup Finished: Total of Customer Droplets With Backup Errors---: 1
Backup Finished: Total of Customer Droplets---: 0
2020-12-10-01:00:01:-----Comenzamos el ciclo de recorrida de droplets existentes...
2020-12-10-01:00:01:-----Creamos el txt con los droplets activos...
2020-12-10-01:00:01:-----Comenzando Customer Hot Backup Droplet-----:Demo-03
Backup Finished: Total of Customer Droplets Backuped OK---: 0
Backup Finished: Total of Customer Droplets With Backup Errors---: 1
Backup Finished: Total of Customer Droplets---: 0
2020-12-11-01:00:01:-----Comenzamos el ciclo de recorrida de droplets existentes...
2020-12-11-01:00:01:-----Creamos el txt con los droplets activos...
Backup Finished: Total of Customer Droplets Backuped OK---: 0
Backup Finished: Total of Customer Droplets With Backup Errors---: 1
Backup Finished: Total of Customer Droplets---: 0
2020-12-12-01:00:01:-----Comenzamos el ciclo de recorrida de droplets existentes...
2020-12-12-01:00:01:-----Creamos el txt con los droplets activos...
Backup Finished: Total of Customer Droplets Backuped OK---: 0
Backup Finished: Total of Customer Droplets With Backup Errors---: 1
Backup Finished: Total of Customer Droplets---: 0
2020-12-13-01:00:01:-----Comenzamos el ciclo de recorrida de droplets existentes...
2020-12-13-01:00:01:-----Creamos el txt con los droplets activos...
Backup Finished: Total of Customer Droplets Backuped OK---: 0
Backup Finished: Total of Customer Droplets With Backup Errors---: 1
Backup Finished: Total of Customer Droplets---: 0
